
          -------------------------------------------------------
          Amber 10 SANDER                              2008
          -------------------------------------------------------

| Run on 04/07/2018 at 22:22:33
  [-O]verwriting output

File Assignments:
|  MDIN: md.in                                                                 
| MDOUT: equil.out                                                             
|INPCRD: min.rst                                                               
|  PARM: SOD.prmtop                                                            
|RESTRT: equil.rst                                                             
|  REFC: refc                                                                  
| MDVEL: mdvel                                                                 
|  MDEN: SOD.en                                                                
| MDCRD: SOD.crd                                                               
|MDINFO: mdinfo                                                                
|INPDIP: inpdip                                                                
|RSTDIP: rstdip                                                                

|INPTRA: inptraj                                                               
|
 
 Here is the input file:
 
#        1         1         1         1         1         1         1         
&cntrl                                                                         
imin=0, irest=0, ntx=1,                                                        
ntt=3, temp0=0.0, gamma_ln=5.0,                                                
ntb=0, ntc=2, ntf=2,                                                           
nstlim=1, cut = 9999.0,                                                        
ntwe=1, ntwx=1, ntpr=1/                                                        

--------------------------------------------------------------------------------
   1.  RESOURCE   USE: 
--------------------------------------------------------------------------------

| Flags:                                                                        
|    NONPERIODIC   ntb=0 and igb=0: Setting up nonperiodic simulation
|  *** cutoff > system size, list only builds once
|Largest sphere to fit in unit cell has radius =    33.682
| New format PARM file being parsed.
| Version =    1.000 Date = 03/17/18 Time = 16:28:33
 NATOM  =     200 NTYPES =     200 NBONH =       0 MBONA  =     199
 NTHETH =       0 MTHETA =     286 NPHIH =       0 MPHIA  =     460
 NHPARM =       0 NPARM  =       0 NNB   =     839 NRES   =     110
 NBONA  =     199 NTHETA =     286 NPHIA =     460 NUMBND =     199
 NUMANG =     286 NPTRA  =     459 NATYP =     200 NPHB   =       0
 IFBOX  =       0 NMXRS  =       2 IFCAP =       0 NEXTRA =       0
 NCOPY  =       0


|     Memory Use     Allocated
|     Real               51013
|     Hollerith           1312
|     Integer            74057
|     Max Pairs          19900
|     nblistReal          2400
|     nblist Int       1114578
|       Total             5143 kbytes
| Duplicated    0 dihedrals
| Duplicated    0 dihedrals

--------------------------------------------------------------------------------
   2.  CONTROL  DATA  FOR  THE  RUN
--------------------------------------------------------------------------------

CACB                                                                            

General flags:
     imin    =       0, nmropt  =       0

Nature and format of input:
     ntx     =       1, irest   =       0, ntrx    =       1

Nature and format of output:
     ntxo    =       1, ntpr    =       1, ntrx    =       1, ntwr    =     500
     iwrap   =       0, ntwx    =       1, ntwv    =       0, ntwe    =       1
     ioutfm  =       0, ntwprt  =       0, idecomp =       0, rbornstat=      0

Potential function:
     ntf     =       2, ntb     =       0, igb     =       0, nsnb    =      25
     ipol    =       0, gbsa    =       0, iesp    =       0
     dielc   =   1.00000, cut     =9999.00000, intdiel =   1.00000
     scnb    =   2.00000, scee    =   1.20000

Frozen or restrained atoms:
     ibelly  =       0, ntr     =       0

Molecular dynamics:
     nstlim  =         1, nscm    =      1000, nrespa  =         1
     t       =   0.00000, dt      =   0.00100, vlimit  =  20.00000

Langevin dynamics temperature regulation:
     ig      =   71277
     temp0   =   0.00000, tempi   =   0.00000, gamma_ln=   5.00000

SHAKE:
     ntc     =       2, jfastw  =       0
     tol     =   0.00001
|  INFO: Old style inpcrd file read


--------------------------------------------------------------------------------
   3.  ATOMIC COORDINATES AND VELOCITIES
--------------------------------------------------------------------------------

CACB                                                                            
 begin time read from input coords =     0.000 ps

 Number of triangulated 3-point waters found:        0

     Sum of charges from parm topology file =   0.00000000
     Forcing neutrality...

--------------------------------------------------------------------------------
   4.  RESULTS
--------------------------------------------------------------------------------

|  # of SOLUTE  degrees of freedom (RNDFP):     600.
|  # of SOLVENT degrees of freedom (RNDFS):       0.
|  NDFMIN =     600.     NUM_NOSHAKE =      0     CORRECTED RNDFP =     600.
|  TOTAL # of degrees of freedom (RNDF) =     600.
 ---------------------------------------------------

     eedmeth=4: Setting switch to one everywhere

 ---------------------------------------------------
| Local SIZE OF NONBOND LIST =      19062
| TOTAL SIZE OF NONBOND LIST =      19062

 NSTEP =        0   TIME(PS) =       0.000  TEMP(K) =     0.00  PRESS =     0.0
 Etot   =      -151.4265  EKtot   =         0.0000  EPtot      =      -151.4265
 BOND   =         0.2640  ANGLE   =         0.7451  DIHED      =         0.0000
 1-4 NB =         0.5549  Chiral  =         0.0000  VDWAALS    =      -152.9906
 EELEC  =         0.0000  EHBOND  =         0.0000  RESTRAINT  =         0.0000
 ------------------------------------------------------------------------------


 NSTEP =        1   TIME(PS) =       0.001  TEMP(K) =     0.00  PRESS =     0.0
 Etot   =      -151.4265  EKtot   =         0.0000  EPtot      =      -151.4265
 BOND   =         0.2640  ANGLE   =         0.7451  DIHED      =         0.0000
 1-4 NB =         0.5549  Chiral  =         0.0000  VDWAALS    =      -152.9906
 EELEC  =         0.0000  EHBOND  =         0.0000  RESTRAINT  =         0.0000
 ------------------------------------------------------------------------------


      A V E R A G E S   O V E R       1 S T E P S


 NSTEP =        1   TIME(PS) =       0.001  TEMP(K) =     0.00  PRESS =     0.0
 Etot   =      -151.4265  EKtot   =         0.0000  EPtot      =      -151.4265
 BOND   =         0.2640  ANGLE   =         0.7451  DIHED      =         0.0000
 1-4 NB =         0.5549  Chiral  =         0.0000  VDWAALS    =      -152.9906
 EELEC  =         0.0000  EHBOND  =         0.0000  RESTRAINT  =         0.0000
 ------------------------------------------------------------------------------


      R M S  F L U C T U A T I O N S


 NSTEP =        1   TIME(PS) =       0.001  TEMP(K) =     0.00  PRESS =     0.0
 Etot   =         0.0000  EKtot   =         0.0000  EPtot      =         0.0000
 BOND   =         0.0000  ANGLE   =         0.0000  DIHED      =         0.0000
 1-4 NB =         0.0000  Chiral  =         0.0000  VDWAALS    =         0.0000
 EELEC  =         0.0000  EHBOND  =         0.0000  RESTRAINT  =         0.0000
 ------------------------------------------------------------------------------


--------------------------------------------------------------------------------
   5.  TIMINGS
--------------------------------------------------------------------------------

|    Read coords time           0.00 ( 1.15% of Total)
|    Fast Water setup           0.00 ( 0.02% of Total)
|                Build the list             0.00 (94.64% of List )
|                Other                      0.00 ( 5.36% of List )
|             List time                  0.00 (23.45% of Nonbo)
|                   Short_ene time             0.00 (72.84% of Direc)
|                   Other                      0.00 (27.16% of Direc)
|                Direct Ewald time          0.00 (98.06% of Ewald)
|                Force Adjust               0.00 ( 0.09% of Ewald)
|                Virial junk                0.00 ( 0.15% of Ewald)
|                Start sycnronization       0.00 ( 0.05% of Ewald)
|                Other                      0.00 ( 1.65% of Ewald)
|             Ewald time                 0.00 (76.44% of Nonbo)
|             Other                      0.00 ( 0.11% of Nonbo)
|          Nonbond force              0.00 (93.58% of Force)
|          Bond/Angle/Dihedral        0.00 ( 5.99% of Force)
|          Other                      0.00 ( 0.43% of Force)
|       Force time                 0.00 (62.40% of Runmd)
|       Shake time                 0.00 ( 0.04% of Runmd)
|       Verlet update time         0.00 (28.65% of Runmd)
|       Other                      0.00 ( 8.91% of Runmd)
|    Runmd Time                 0.00 (14.43% of Total)
|    Other                      0.03 (84.40% of Total)
| Total time                 0.03 (96.46% of ALL  )

| Highest rstack allocated:        975
| Highest istack allocated:        195
|           Job began  at 22:22:33.452  on 04/07/2018
|           Setup done at 22:22:33.482  on 04/07/2018
|           Run   done at 22:22:33.486  on 04/07/2018
|     wallclock() was called      64 times
